Arguments: 
  /usr/local/bin/node /usr/local/bin/yarn add lite-server –dev

PATH: 
  /usr/local/bin:/System/Cryptexes/App/usr/bin:/usr/bin:/bin:/usr/sbin:/sbin:/usr/local/share/dotnet:/opt/X11/bin:~/.dotnet/tools:/Library/Apple/usr/bin:/Library/Frameworks/Mono.framework/Versions/Current/Commands

Yarn version: 
  1.22.19

Node version: 
  16.17.0

Platform: 
  darwin x64

Trace: 
  TypeError [ERR_UNESCAPED_CHARACTERS]: https://registry.yarnpkg.com/–dev: Request path contains unescaped characters
      at new NodeError (node:internal/errors:387:5)
      at new ClientRequest (node:_http_client:173:13)
      at Object.request (node:https:357:10)
      at Request.module.exports.Request.start (/usr/local/lib/node_modules/yarn/lib/cli.js:141452:32)
      at Request.module.exports.Request.end (/usr/local/lib/node_modules/yarn/lib/cli.js:142211:10)
      at end (/usr/local/lib/node_modules/yarn/lib/cli.js:141265:14)
      at Immediate.<anonymous> (/usr/local/lib/node_modules/yarn/lib/cli.js:141279:7)
      at processImmediate (node:internal/timers:466:21)

npm manifest: 
  {
    "name": "balance_sheet",
    "version": "1.0.0",
    "main": "index.js",
    "author": "victoriasyluma",
    "license": "MIT",
    "dependencies": {
      "lite-server": "^2.6.1"
    },
    "scripts": {
      "start": "lite-server"
    }
  }

yarn manifest: 
  No manifest

Lockfile: 
  No lockfile
